<?xml version="1.0" encoding="UTF-8"?>
<!-- Generated by org.testng.reporters.JUnitXMLReporter -->
<testsuite ignored="0" hostname="DESKTOP-1RI25CF" failures="1" tests="7" name="Test" time="141.009" errors="0" timestamp="2025-04-21T16:38:21 IST">
  <testcase classname="testCases.TC001_AccountRegistrationTest" name="verify_account_registration" time="31.412"/>
  <testcase classname="testCases.TC002_LoginTest" name="verify_Login" time="3.954"/>
  <testcase classname="testCases.TC003_Login_DataDriven_Test" name="verify_LoginDDT" time="5.651"/>
  <testcase classname="testCases.TC003_Login_DataDriven_Test" name="verify_LoginDDT" time="16.066"/>
  <testcase classname="testCases.TC003_Login_DataDriven_Test" name="verify_LoginDDT" time="12.473"/>
  <testcase classname="testCases.TC003_Login_DataDriven_Test" name="verify_LoginDDT" time="12.27"/>
  <testcase classname="testCases.TC003_Login_DataDriven_Test" name="verify_LoginDDT" time="1.32">
    <failure type="java.lang.IllegalArgumentException" message="Keys to send should be a not null CharSequence">
      <![CDATA[java.lang.IllegalArgumentException: Keys to send should be a not null CharSequence
at org.openqa.selenium.remote.RemoteWebElement.sendKeys(RemoteWebElement.java:96)
at org.openqa.selenium.support.pagefactory.internal.LocatingElementHandler.invoke(LocatingElementHandler.java:51)
at com.sun.proxy.$Proxy27.sendKeys(Unknown Source)
at pageObjects.LoginPage.setTxtusername(LoginPage.java:23)
at testCases.TC003_Login_DataDriven_Test.verify_LoginDDT(TC003_Login_DataDriven_Test.java:29)
at java.base/java.util.ArrayList.forEach(ArrayList.java:1541)
... Removed 34 stack frames]]>
    </failure>
  </testcase> <!-- verify_LoginDDT -->
</testsuite> <!-- Test -->
