<?xml version="1.0" encoding="UTF-8"?>
<!-- Generated by org.testng.reporters.JUnitXMLReporter -->
<testsuite ignored="0" hostname="DESKTOP-1RI25CF" failures="1" tests="7" name="Test" time="116.349" errors="0" timestamp="2025-04-21T15:47:26 IST">
  <testcase classname="testCases.TC001_AccountRegistrationTest" name="verify_account_registration" time="9.98"/>
  <testcase classname="testCases.TC002_LoginTest" name="verify_Login" time="4.541"/>
  <testcase classname="testCases.TC003_Login_DataDriven_Test" name="verify_LoginDDT" time="6.022"/>
  <testcase classname="testCases.TC003_Login_DataDriven_Test" name="verify_LoginDDT" time="14.806"/>
  <testcase classname="testCases.TC003_Login_DataDriven_Test" name="verify_LoginDDT" time="13.708"/>
  <testcase classname="testCases.TC003_Login_DataDriven_Test" name="verify_LoginDDT" time="13.453"/>
  <testcase classname="testCases.TC003_Login_DataDriven_Test" name="verify_LoginDDT" time="1.264">
    <failure type="java.lang.IllegalArgumentException" message="Keys to send should be a not null CharSequence">
      <![CDATA[java.lang.IllegalArgumentException: Keys to send should be a not null CharSequence
at org.openqa.selenium.remote.RemoteWebElement.sendKeys(RemoteWebElement.java:96)
at org.openqa.selenium.support.pagefactory.internal.LocatingElementHandler.invoke(LocatingElementHandler.java:51)
at com.sun.proxy.$Proxy30.sendKeys(Unknown Source)
at pageObjects.LoginPage.setTxtusername(LoginPage.java:23)
at testCases.TC003_Login_DataDriven_Test.verify_LoginDDT(TC003_Login_DataDriven_Test.java:29)
at java.base/java.util.ArrayList.forEach(ArrayList.java:1541)
... Removed 30 stack frames]]>
    </failure>
  </testcase> <!-- verify_LoginDDT -->
</testsuite> <!-- Test -->
